<?xml version="1.0" encoding="UTF-8"?>
<!-- Generated by org.testng.reporters.JUnitReportReporter -->
<testsuite hostname="DESKTOP-QSTOENC" failures="0" tests="1" name="testCases.LoginTest" time="8.332" errors="0" timestamp="2025-05-24T12:55:58 IST" skipped="0">
  <testcase classname="testCases.LoginTest" name="doLogin" time="8.332"/>
</testsuite> <!-- testCases.LoginTest -->
