<?xml version="1.0" encoding="UTF-8"?>
<!-- Generated by org.testng.reporters.JUnitReportReporter -->
<testsuite hostname="DESKTOP-QSTOENC" failures="0" tests="4" name="testCases.LoginTest" time="43.720" errors="0" timestamp="2025-05-29T16:46:33 IST" skipped="0">
  <testcase classname="testCases.LoginTest" name="doLogin" time="9.201"/>
  <testcase classname="testCases.LoginTest" name="doLogin" time="14.143"/>
  <testcase classname="testCases.LoginTest" name="doLogin" time="9.284"/>
  <testcase classname="testCases.LoginTest" name="doLogin" time="11.092"/>
</testsuite> <!-- testCases.LoginTest -->
