<?xml version="1.0" encoding="UTF-8"?>
<!-- Generated by org.testng.reporters.JUnitReportReporter -->
<testsuite hostname="DESKTOP-QSTOENC" failures="0" tests="4" name="testCases.LoginTest" time="43.059" errors="0" timestamp="2025-05-29T21:23:00 IST" skipped="0">
  <testcase classname="testCases.LoginTest" name="doLogin" time="14.244"/>
  <testcase classname="testCases.LoginTest" name="doLogin" time="12.587"/>
  <testcase classname="testCases.LoginTest" name="doLogin" time="8.303"/>
  <testcase classname="testCases.LoginTest" name="doLogin" time="7.925"/>
</testsuite> <!-- testCases.LoginTest -->
