<?xml version="1.0" encoding="UTF-8"?>
<!-- Generated by org.testng.reporters.JUnitReportReporter -->
<testsuite hostname="DESKTOP-PI42D7J" failures="0" tests="1" name="testCases.LoginTest" time="9.389" errors="0" timestamp="2025-04-03T17:32:55 IST" skipped="0">
  <testcase classname="testCases.LoginTest" name="setUp" time="9.389"/>
</testsuite> <!-- testCases.LoginTest -->
