<?xml version="1.0" encoding="UTF-8"?>
<!-- Generated by org.testng.reporters.JUnitReportReporter -->
<testsuite hostname="DESKTOP-PI42D7J" failures="0" tests="1" name="testCases.LoginTest" time="12.627" errors="0" timestamp="2025-04-24T14:01:01 IST" skipped="0">
  <testcase classname="testCases.LoginTest" name="doLogin" time="12.627"/>
</testsuite> <!-- testCases.LoginTest -->
