<?xml version="1.0" encoding="UTF-8"?>
<!-- Generated by org.testng.reporters.JUnitReportReporter -->
<testsuite hostname="DESKTOP-QSTOENC" failures="0" tests="4" name="testCases.LoginTest" time="35.415" errors="0" timestamp="2025-05-28T21:26:15 IST" skipped="0">
  <testcase classname="testCases.LoginTest" name="doLogin" time="7.918"/>
  <testcase classname="testCases.LoginTest" name="doLogin" time="7.280"/>
  <testcase classname="testCases.LoginTest" name="doLogin" time="12.170"/>
  <testcase classname="testCases.LoginTest" name="doLogin" time="8.047"/>
</testsuite> <!-- testCases.LoginTest -->
