<?xml version="1.0" encoding="UTF-8"?>
<!-- Generated by org.testng.reporters.JUnitReportReporter -->
<testsuite hostname="DESKTOP-QSTOENC" failures="0" tests="4" name="testCases.LoginTest" time="39.036" errors="0" timestamp="2025-05-28T12:59:45 IST" skipped="0">
  <testcase classname="testCases.LoginTest" name="doLogin" time="8.049"/>
  <testcase classname="testCases.LoginTest" name="doLogin" time="9.198"/>
  <testcase classname="testCases.LoginTest" name="doLogin" time="9.193"/>
  <testcase classname="testCases.LoginTest" name="doLogin" time="12.596"/>
</testsuite> <!-- testCases.LoginTest -->
