<?xml version="1.0" encoding="UTF-8"?>
<!-- Generated by org.testng.reporters.JUnitReportReporter -->
<testsuite hostname="DESKTOP-PI42D7J" failures="0" tests="1" name="testCases.LoginTest" time="26.920" errors="0" timestamp="2025-04-29T13:11:24 IST" skipped="0">
  <testcase classname="testCases.LoginTest" name="doLogin" time="26.920"/>
</testsuite> <!-- testCases.LoginTest -->
