<?xml version="1.0" encoding="UTF-8"?>
<!-- Generated by org.testng.reporters.JUnitReportReporter -->
<testsuite hostname="DESKTOP-QSTOENC" failures="0" tests="4" name="testCases.LoginTest" time="44.604" errors="0" timestamp="2025-05-28T21:05:46 IST" skipped="0">
  <testcase classname="testCases.LoginTest" name="doLogin" time="10.448"/>
  <testcase classname="testCases.LoginTest" name="doLogin" time="7.084"/>
  <testcase classname="testCases.LoginTest" name="doLogin" time="15.845"/>
  <testcase classname="testCases.LoginTest" name="doLogin" time="11.227"/>
</testsuite> <!-- testCases.LoginTest -->
